12/15/21:17:18:11: ######--Arranque de sistema--#######
12/15/21:17:18:12: ####---ACCESO DENEGADO---####
12/15/21:17:32:35: ######--Arranque de sistema--#######
12/15/21:17:32:35: ####---ACCESO DENEGADO---####
12/15/21:17:34:01: ######--Arranque de sistema--#######
12/15/21:17:34:03: ####---ACCESO DENEGADO---####
12/15/21:17:34:23: ######--Arranque de sistema--#######
12/15/21:17:34:27: contrasena exitosa
12/15/21:17:34:27: Conectado al puerto serial (Lector QR)
12/15/21:17:34:27: Conectado al puerto serial (Teensy 3.5)
12/15/21:17:36:24: ######--Arranque de sistema--#######
12/15/21:17:36:34: ####---ACCESO DENEGADO---####
12/15/21:17:40:35: ######--Arranque de sistema--#######
12/15/21:17:41:10: ####---ACCESO DENEGADO---####
12/15/21:17:41:15: ######--Arranque de sistema--#######
12/15/21:17:41:37: ####---ACCESO DENEGADO---####
12/15/21:17:41:40: ######--Arranque de sistema--#######
12/15/21:17:41:51: ####---ACCESO DENEGADO---####
12/15/21:17:45:29: ######--Arranque de sistema--#######
12/15/21:17:45:55: ####---ACCESO DENEGADO---####
12/15/21:17:46:53: ######--Arranque de sistema--#######
12/15/21:17:47:10: ####---ACCESO DENEGADO---####
